<?xml version="1.0" encoding="UTF-8"?>
<testsuite xmlns:xsi="http://www.w3.org/2001/XMLSchema-instance" xsi:noNamespaceSchemaLocation="https://maven.apache.org/surefire/maven-surefire-plugin/xsd/surefire-test-report-3.0.xsd" version="3.0" name="com.sbouhaddi.RpnCalculatorResourceTest" time="13.879" tests="1" errors="0" skipped="0" failures="0">
  <properties>
[...]
</properties>
  <testcase name="testRpnStackMocking" classname="com.sbouhaddi.RpnCalculatorResourceTest" time="1.19">
    <system-out><![CDATA[Hibernate: 
    
    drop table if exists RpnStack CASCADE 
Hibernate: 
    
    drop sequence if exists hibernate_sequence
Hibernate: create sequence hibernate_sequence start with 1 increment by 1
Hibernate: 
    
    create table RpnStack (
       id bigint not null,
        stack blob,
        primary key (id)
    )
2022-12-11 17:45:46,672 INFO  [io.quarkus] (main) rpn-calculator 1.0.0-SNAPSHOT on JVM (powered by Quarkus 2.14.3.Final) started in 7.078s. Listening on: http://localhost:8081
2022-12-11 17:45:46,675 INFO  [io.quarkus] (main) Profile test activated. 
2022-12-11 17:45:46,675 INFO  [io.quarkus] (main) Installed features: [agroal, cdi, hibernate-orm, hibernate-orm-panache, hibernate-validator, jdbc-h2, micrometer, narayana-jta, resteasy, resteasy-jsonb, servlet, smallrye-context-propagation, smallrye-health, smallrye-openapi, swagger-ui, vertx]
Hibernate: 
    select
        count(*) as col_0_0_ 
    from
        RpnStack rpnstack0_
]]></system-out>
  </testcase>
</testsuite>